<?xml version="1.0" encoding="UTF-8"?>
<!-- Generated by org.testng.reporters.JUnitReportReporter -->
<testsuite hostname="Shreyanshs-MacBook-Pro.local" failures="0" tests="3" name="com.swym.AddtoWishlist" time="32.980" errors="0" timestamp="2021-09-13T13:14:45 IST" skipped="0">
  <testcase classname="com.swym.AddtoWishlist" name="tc01VerifyOpenURL" time="5.728"/>
  <system-out/>
  <testcase classname="com.swym.AddtoWishlist" name="tc03VerifyShareWishlist" time="20.045"/>
  <system-out/>
  <testcase classname="com.swym.AddtoWishlist" name="tc02VerifyAddtoWishlist" time="7.207"/>
  <system-out/>
</testsuite> <!-- com.swym.AddtoWishlist -->
